# JRE version: OpenJDK Runtime Environment GraalVM CE 22.3.0 (17.0.5+8) (build 17.0.5+8-jvmci-22.3-b08)
# Java VM: OpenJDK 64-Bit Server VM GraalVM CE 22.3.0 (17.0.5+8-jvmci-22.3-b08, mixed mode, sharing, tiered, jvmci, jvmci compiler, compressed oops, compressed class ptrs, parallel gc, linux-amd64)
GC Precious Log:
 CPUs: 8 total, 1 available
 Memory: 1024M
 Large Page Support: Disabled
 NUMA Support: Disabled
 Compressed Oops: Enabled (32-bit)
 Alignments: Space 512K, Generation 512K, Heap 2M
 Heap Min Capacity: 100M
 Heap Initial Capacity: 100M
 Heap Max Capacity: 512M
 Pre-touch: Disabled
 Parallel Workers: 1
Heap:
 PSYoungGen      total 86528K, used 52735K [0x00000000f5580000, 0x00000000fcd00000, 0x0000000100000000)
  eden space 52736K, 99% used [0x00000000f5580000,0x00000000f88ffff8,0x00000000f8900000)
  from space 33792K, 0% used [0x00000000faa00000,0x00000000faa00000,0x00000000fcb00000)
  to   space 33792K, 0% used [0x00000000f8900000,0x00000000f8900000,0x00000000faa00000)
 ParOldGen       total 349696K, used 349696K [0x00000000e0000000, 0x00000000f5580000, 0x00000000f5580000)
  object space 349696K, 100% used [0x00000000e0000000,0x00000000f5580000,0x00000000f5580000)
 Metaspace       used 58378K, committed 59200K, reserved 1105920K
  class space    used 5701K, committed 6080K, reserved 1048576K
GC Heap History (20 events):
Event: 1118.137 GC heap before
{Heap before GC invocations=474 (full 402):
 PSYoungGen      total 86528K, used 52736K [0x00000000f5580000, 0x00000000fcd00000, 0x0000000100000000)
  eden space 52736K, 100% used [0x00000000f5580000,0x00000000f8900000,0x00000000f8900000)
  from space 33792K, 0% used [0x00000000faa00000,0x00000000faa00000,0x00000000fcb00000)
  to   space 33792K, 0% used [0x00000000f8900000,0x00000000f8900000,0x00000000faa00000)
 ParOldGen       total 349696K, used 349695K [0x00000000e0000000, 0x00000000f5580000, 0x00000000f5580000)
  object space 349696K, 99% used [0x00000000e0000000,0x00000000f557fd08,0x00000000f5580000)
 Metaspace       used 58378K, committed 59200K, reserved 1105920K
  class space    used 5701K, committed 6080K, reserved 1048576K
}
Event: 1120.410 GC heap after
{Heap after GC invocations=474 (full 402):
 PSYoungGen      total 86528K, used 52735K [0x00000000f5580000, 0x00000000fcd00000, 0x0000000100000000)
  eden space 52736K, 99% used [0x00000000f5580000,0x00000000f88ffed8,0x00000000f8900000)
  from space 33792K, 0% used [0x00000000f8900000,0x00000000f8900000,0x00000000faa00000)
  to   space 33792K, 0% used [0x00000000faa00000,0x00000000faa00000,0x00000000fcb00000)
 ParOldGen       total 349696K, used 349695K [0x00000000e0000000, 0x00000000f5580000, 0x00000000f5580000)
  object space 349696K, 99% used [0x00000000e0000000,0x00000000f557fce8,0x00000000f5580000)
 Metaspace       used 58378K, committed 59200K, reserved 1105920K
  class space    used 5701K, committed 6080K, reserved 1048576K
}
Event: 1120.410 GC heap before
{Heap before GC invocations=475 (full 403):
 PSYoungGen      total 86528K, used 52735K [0x00000000f5580000, 0x00000000fcd00000, 0x0000000100000000)
  eden space 52736K, 99% used [0x00000000f5580000,0x00000000f88ffff8,0x00000000f8900000)
  from space 33792K, 0% used [0x00000000f8900000,0x00000000f8900000,0x00000000faa00000)
  to   space 33792K, 0% used [0x00000000faa00000,0x00000000faa00000,0x00000000fcb00000)
 ParOldGen       total 349696K, used 349695K [0x00000000e0000000, 0x00000000f5580000, 0x00000000f5580000)
  object space 349696K, 99% used [0x00000000e0000000,0x00000000f557fce8,0x00000000f5580000)
 Metaspace       used 58378K, committed 59200K, reserved 1105920K
  class space    used 5701K, committed 6080K, reserved 1048576K
}
Event: 1122.764 GC heap after
{Heap after GC invocations=475 (full 403):
 PSYoungGen      total 86528K, used 52735K [0x00000000f5580000, 0x00000000fcd00000, 0x0000000100000000)
  eden space 52736K, 99% used [0x00000000f5580000,0x00000000f88ffff8,0x00000000f8900000)
  from space 33792K, 0% used [0x00000000faa00000,0x00000000faa00000,0x00000000fcb00000)
  to   space 33792K, 0% used [0x00000000f8900000,0x00000000f8900000,0x00000000faa00000)
 ParOldGen       total 349696K, used 349695K [0x00000000e0000000, 0x00000000f5580000, 0x00000000f5580000)
  object space 349696K, 99% used [0x00000000e0000000,0x00000000f557fce8,0x00000000f5580000)
 Metaspace       used 58378K, committed 59200K, reserved 1105920K
  class space    used 5701K, committed 6080K, reserved 1048576K
}
Event: 1122.764 GC heap before
{Heap before GC invocations=476 (full 404):
 PSYoungGen      total 86528K, used 52735K [0x00000000f5580000, 0x00000000fcd00000, 0x0000000100000000)
  eden space 52736K, 99% used [0x00000000f5580000,0x00000000f88ffff8,0x00000000f8900000)
  from space 33792K, 0% used [0x00000000faa00000,0x00000000faa00000,0x00000000fcb00000)
  to   space 33792K, 0% used [0x00000000f8900000,0x00000000f8900000,0x00000000faa00000)
 ParOldGen       total 349696K, used 349695K [0x00000000e0000000, 0x00000000f5580000, 0x00000000f5580000)
  object space 349696K, 99% used [0x00000000e0000000,0x00000000f557fff0,0x00000000f5580000)
 Metaspace       used 58378K, committed 59200K, reserved 1105920K
  class space    used 5701K, committed 6080K, reserved 1048576K
}
Event: 1125.032 GC heap after
{Heap after GC invocations=476 (full 404):
 PSYoungGen      total 86528K, used 52735K [0x00000000f5580000, 0x00000000fcd00000, 0x0000000100000000)
  eden space 52736K, 99% used [0x00000000f5580000,0x00000000f88fff68,0x00000000f8900000)
  from space 33792K, 0% used [0x00000000f8900000,0x00000000f8900000,0x00000000faa00000)
  to   space 33792K, 0% used [0x00000000faa00000,0x00000000faa00000,0x00000000fcb00000)
 ParOldGen       total 349696K, used 349695K [0x00000000e0000000, 0x00000000f5580000, 0x00000000f5580000)
  object space 349696K, 99% used [0x00000000e0000000,0x00000000f557fff0,0x00000000f5580000)
 Metaspace       used 58378K, committed 59200K, reserved 1105920K
  class space    used 5701K, committed 6080K, reserved 1048576K
}
Event: 1125.032 GC heap before
{Heap before GC invocations=477 (full 405):
 PSYoungGen      total 86528K, used 52735K [0x00000000f5580000, 0x00000000fcd00000, 0x0000000100000000)
  eden space 52736K, 99% used [0x00000000f5580000,0x00000000f88fffe8,0x00000000f8900000)
  from space 33792K, 0% used [0x00000000f8900000,0x00000000f8900000,0x00000000faa00000)
  to   space 33792K, 0% used [0x00000000faa00000,0x00000000faa00000,0x00000000fcb00000)
 ParOldGen       total 349696K, used 349695K [0x00000000e0000000, 0x00000000f5580000, 0x00000000f5580000)
  object space 349696K, 99% used [0x00000000e0000000,0x00000000f557fff0,0x00000000f5580000)
 Metaspace       used 58378K, committed 59200K, reserved 1105920K
  class space    used 5701K, committed 6080K, reserved 1048576K
}
Event: 1127.403 GC heap after
{Heap after GC invocations=477 (full 405):
 PSYoungGen      total 86528K, used 52735K [0x00000000f5580000, 0x00000000fcd00000, 0x0000000100000000)
  eden space 52736K, 99% used [0x00000000f5580000,0x00000000f88fffb0,0x00000000f8900000)
  from space 33792K, 0% used [0x00000000faa00000,0x00000000faa00000,0x00000000fcb00000)
  to   space 33792K, 0% used [0x00000000f8900000,0x00000000f8900000,0x00000000faa00000)
 ParOldGen       total 349696K, used 349695K [0x00000000e0000000, 0x00000000f5580000, 0x00000000f5580000)
  object space 349696K, 99% used [0x00000000e0000000,0x00000000f557fff0,0x00000000f5580000)
 Metaspace       used 58378K, committed 59200K, reserved 1105920K
  class space    used 5701K, committed 6080K, reserved 1048576K
}
Event: 1127.404 GC heap before
{Heap before GC invocations=478 (full 406):
 PSYoungGen      total 86528K, used 52735K [0x00000000f5580000, 0x00000000fcd00000, 0x0000000100000000)
  eden space 52736K, 99% used [0x00000000f5580000,0x00000000f88ffff8,0x00000000f8900000)
  from space 33792K, 0% used [0x00000000faa00000,0x00000000faa00000,0x00000000fcb00000)
  to   space 33792K, 0% used [0x00000000f8900000,0x00000000f8900000,0x00000000faa00000)
 ParOldGen       total 349696K, used 349695K [0x00000000e0000000, 0x00000000f5580000, 0x00000000f5580000)
  object space 349696K, 99% used [0x00000000e0000000,0x00000000f557fff0,0x00000000f5580000)
 Metaspace       used 58378K, committed 59200K, reserved 1105920K
  class space    used 5701K, committed 6080K, reserved 1048576K
}
Event: 1129.745 GC heap after
{Heap after GC invocations=478 (full 406):
 PSYoungGen      total 86528K, used 52735K [0x00000000f5580000, 0x00000000fcd00000, 0x0000000100000000)
  eden space 52736K, 99% used [0x00000000f5580000,0x00000000f88fffe0,0x00000000f8900000)
  from space 33792K, 0% used [0x00000000f8900000,0x00000000f8900000,0x00000000faa00000)
  to   space 33792K, 0% used [0x00000000faa00000,0x00000000faa00000,0x00000000fcb00000)
 ParOldGen       total 349696K, used 349695K [0x00000000e0000000, 0x00000000f5580000, 0x00000000f5580000)
  object space 349696K, 99% used [0x00000000e0000000,0x00000000f557ffb8,0x00000000f5580000)
 Metaspace       used 58378K, committed 59200K, reserved 1105920K
  class space    used 5701K, committed 6080K, reserved 1048576K
}
Event: 1129.746 GC heap before
{Heap before GC invocations=479 (full 407):
 PSYoungGen      total 86528K, used 52735K [0x00000000f5580000, 0x00000000fcd00000, 0x0000000100000000)
  eden space 52736K, 99% used [0x00000000f5580000,0x00000000f88ffff8,0x00000000f8900000)
  from space 33792K, 0% used [0x00000000f8900000,0x00000000f8900000,0x00000000faa00000)
  to   space 33792K, 0% used [0x00000000faa00000,0x00000000faa00000,0x00000000fcb00000)
 ParOldGen       total 349696K, used 349695K [0x00000000e0000000, 0x00000000f5580000, 0x00000000f5580000)
  object space 349696K, 99% used [0x00000000e0000000,0x00000000f557ffb8,0x00000000f5580000)
 Metaspace       used 58378K, committed 59200K, reserved 1105920K
  class space    used 5701K, committed 6080K, reserved 1048576K
}
Event: 1132.016 GC heap after
{Heap after GC invocations=479 (full 407):
 PSYoungGen      total 86528K, used 52735K [0x00000000f5580000, 0x00000000fcd00000, 0x0000000100000000)
  eden space 52736K, 99% used [0x00000000f5580000,0x00000000f88ffff8,0x00000000f8900000)
  from space 33792K, 0% used [0x00000000faa00000,0x00000000faa00000,0x00000000fcb00000)
  to   space 33792K, 0% used [0x00000000f8900000,0x00000000f8900000,0x00000000faa00000)
 ParOldGen       total 349696K, used 349695K [0x00000000e0000000, 0x00000000f5580000, 0x00000000f5580000)
  object space 349696K, 99% used [0x00000000e0000000,0x00000000f557ffb8,0x00000000f5580000)
 Metaspace       used 58378K, committed 59200K, reserved 1105920K
  class space    used 5701K, committed 6080K, reserved 1048576K
}
Event: 1132.017 GC heap before
{Heap before GC invocations=480 (full 408):
 PSYoungGen      total 86528K, used 52735K [0x00000000f5580000, 0x00000000fcd00000, 0x0000000100000000)
  eden space 52736K, 99% used [0x00000000f5580000,0x00000000f88ffff8,0x00000000f8900000)
  from space 33792K, 0% used [0x00000000faa00000,0x00000000faa00000,0x00000000fcb00000)
  to   space 33792K, 0% used [0x00000000f8900000,0x00000000f8900000,0x00000000faa00000)
 ParOldGen       total 349696K, used 349696K [0x00000000e0000000, 0x00000000f5580000, 0x00000000f5580000)
  object space 349696K, 100% used [0x00000000e0000000,0x00000000f5580000,0x00000000f5580000)
 Metaspace       used 58378K, committed 59200K, reserved 1105920K
  class space    used 5701K, committed 6080K, reserved 1048576K
}
Event: 1134.148 GC heap after
{Heap after GC invocations=480 (full 408):
 PSYoungGen      total 86528K, used 52735K [0x00000000f5580000, 0x00000000fcd00000, 0x0000000100000000)
  eden space 52736K, 99% used [0x00000000f5580000,0x00000000f88ffff8,0x00000000f8900000)
  from space 33792K, 0% used [0x00000000f8900000,0x00000000f8900000,0x00000000faa00000)
  to   space 33792K, 0% used [0x00000000faa00000,0x00000000faa00000,0x00000000fcb00000)
 ParOldGen       total 349696K, used 349696K [0x00000000e0000000, 0x00000000f5580000, 0x00000000f5580000)
  object space 349696K, 100% used [0x00000000e0000000,0x00000000f5580000,0x00000000f5580000)
 Metaspace       used 58378K, committed 59200K, reserved 1105920K
  class space    used 5701K, committed 6080K, reserved 1048576K
}
Event: 1134.148 GC heap before
{Heap before GC invocations=481 (full 409):
 PSYoungGen      total 86528K, used 52735K [0x00000000f5580000, 0x00000000fcd00000, 0x0000000100000000)
  eden space 52736K, 99% used [0x00000000f5580000,0x00000000f88ffff8,0x00000000f8900000)
  from space 33792K, 0% used [0x00000000f8900000,0x00000000f8900000,0x00000000faa00000)
  to   space 33792K, 0% used [0x00000000faa00000,0x00000000faa00000,0x00000000fcb00000)
 ParOldGen       total 349696K, used 349696K [0x00000000e0000000, 0x00000000f5580000, 0x00000000f5580000)
  object space 349696K, 100% used [0x00000000e0000000,0x00000000f5580000,0x00000000f5580000)
 Metaspace       used 58378K, committed 59200K, reserved 1105920K
  class space    used 5701K, committed 6080K, reserved 1048576K
}
Event: 1136.436 GC heap after
{Heap after GC invocations=481 (full 409):
 PSYoungGen      total 86528K, used 52735K [0x00000000f5580000, 0x00000000fcd00000, 0x0000000100000000)
  eden space 52736K, 99% used [0x00000000f5580000,0x00000000f88ffff8,0x00000000f8900000)
  from space 33792K, 0% used [0x00000000faa00000,0x00000000faa00000,0x00000000fcb00000)
  to   space 33792K, 0% used [0x00000000f8900000,0x00000000f8900000,0x00000000faa00000)
 ParOldGen       total 349696K, used 349696K [0x00000000e0000000, 0x00000000f5580000, 0x00000000f5580000)
  object space 349696K, 100% used [0x00000000e0000000,0x00000000f5580000,0x00000000f5580000)
 Metaspace       used 58378K, committed 59200K, reserved 1105920K
  class space    used 5701K, committed 6080K, reserved 1048576K
}
Event: 1136.436 GC heap before
{Heap before GC invocations=482 (full 410):
 PSYoungGen      total 86528K, used 52735K [0x00000000f5580000, 0x00000000fcd00000, 0x0000000100000000)
  eden space 52736K, 99% used [0x00000000f5580000,0x00000000f88ffff8,0x00000000f8900000)
  from space 33792K, 0% used [0x00000000faa00000,0x00000000faa00000,0x00000000fcb00000)
  to   space 33792K, 0% used [0x00000000f8900000,0x00000000f8900000,0x00000000faa00000)
 ParOldGen       total 349696K, used 349696K [0x00000000e0000000, 0x00000000f5580000, 0x00000000f5580000)
  object space 349696K, 100% used [0x00000000e0000000,0x00000000f5580000,0x00000000f5580000)
 Metaspace       used 58378K, committed 59200K, reserved 1105920K
  class space    used 5701K, committed 6080K, reserved 1048576K
}
Event: 1138.823 GC heap after
{Heap after GC invocations=482 (full 410):
 PSYoungGen      total 86528K, used 52735K [0x00000000f5580000, 0x00000000fcd00000, 0x0000000100000000)
  eden space 52736K, 99% used [0x00000000f5580000,0x00000000f88ffff8,0x00000000f8900000)
  from space 33792K, 0% used [0x00000000f8900000,0x00000000f8900000,0x00000000faa00000)
  to   space 33792K, 0% used [0x00000000faa00000,0x00000000faa00000,0x00000000fcb00000)
 ParOldGen       total 349696K, used 349696K [0x00000000e0000000, 0x00000000f5580000, 0x00000000f5580000)
  object space 349696K, 100% used [0x00000000e0000000,0x00000000f5580000,0x00000000f5580000)
 Metaspace       used 58378K, committed 59200K, reserved 1105920K
  class space    used 5701K, committed 6080K, reserved 1048576K
}
Event: 1138.823 GC heap before
{Heap before GC invocations=483 (full 411):
 PSYoungGen      total 86528K, used 52735K [0x00000000f5580000, 0x00000000fcd00000, 0x0000000100000000)
  eden space 52736K, 99% used [0x00000000f5580000,0x00000000f88ffff8,0x00000000f8900000)
  from space 33792K, 0% used [0x00000000f8900000,0x00000000f8900000,0x00000000faa00000)
  to   space 33792K, 0% used [0x00000000faa00000,0x00000000faa00000,0x00000000fcb00000)
 ParOldGen       total 349696K, used 349696K [0x00000000e0000000, 0x00000000f5580000, 0x00000000f5580000)
  object space 349696K, 100% used [0x00000000e0000000,0x00000000f5580000,0x00000000f5580000)
 Metaspace       used 58378K, committed 59200K, reserved 1105920K
  class space    used 5701K, committed 6080K, reserved 1048576K
}
Event: 1143.139 GC heap after
{Heap after GC invocations=483 (full 411):
 PSYoungGen      total 86528K, used 52735K [0x00000000f5580000, 0x00000000fcd00000, 0x0000000100000000)
  eden space 52736K, 99% used [0x00000000f5580000,0x00000000f88ffff8,0x00000000f8900000)
  from space 33792K, 0% used [0x00000000faa00000,0x00000000faa00000,0x00000000fcb00000)
  to   space 33792K, 0% used [0x00000000f8900000,0x00000000f8900000,0x00000000faa00000)
 ParOldGen       total 349696K, used 349696K [0x00000000e0000000, 0x00000000f5580000, 0x00000000f5580000)
  object space 349696K, 100% used [0x00000000e0000000,0x00000000f5580000,0x00000000f5580000)
 Metaspace       used 58378K, committed 59200K, reserved 1105920K
  class space    used 5701K, committed 6080K, reserved 1048576K
}

